  main.cpp
..\Source\main.cpp(110): warning C4996: 'fopen': This function or variable may be unsafe. Consider using fopen_s instead. To disable deprecation, use _CRT_SECURE_NO_WARNINGS. See online help for details.
  C:\Program Files (x86)\Windows Kits\10\Include\10.0.10240.0\ucrt\stdio.h(205): note: see declaration of 'fopen'
..\Source\main.cpp(178): warning C4018: '<': signed/unsigned mismatch
..\Source\main.cpp(180): warning C4018: '<': signed/unsigned mismatch
..\Source\main.cpp(209): warning C4101: 'height': unreferenced local variable
..\Source\main.cpp(209): warning C4101: 'width': unreferenced local variable
..\Source\main.cpp(210): warning C4101: 'image': unreferenced local variable
..\Source\main.cpp(257): warning C4018: '<': signed/unsigned mismatch
..\Source\main.cpp(278): warning C4018: '<': signed/unsigned mismatch
..\Source\main.cpp(296): warning C4018: '<': signed/unsigned mismatch
..\Source\main.cpp(314): warning C4018: '<': signed/unsigned mismatch
..\Source\main.cpp(434): warning C4018: '<': signed/unsigned mismatch
..\Source\main.cpp(447): warning C4018: '<': signed/unsigned mismatch
..\Source\main.cpp(493): warning C4244: '=': conversion from 'int' to 'GLfloat', possible loss of data
..\Source\main.cpp(494): warning C4244: '=': conversion from 'int' to 'GLfloat', possible loss of data
..\Source\main.cpp(500): warning C4244: '=': conversion from 'int' to 'GLfloat', possible loss of data
..\Source\main.cpp(501): warning C4244: '=': conversion from 'int' to 'GLfloat', possible loss of data
..\Source\main.cpp(503): warning C4305: 'initializing': truncation from 'double' to 'GLfloat'
  Generating code
  22 of 1029 functions ( 2.1%) were compiled, the rest were copied from previous compilation.
    0 functions were new in current compilation
    0 functions had inline decision re-evaluated but remain unchanged
  Finished generating code
  AS2_Framework.vcxproj -> C:\Users\Chicken\Desktop\繪圖程式\Assignment 2\AS2_Framework\VC14\Release\AS2_Framework.exe
  AS2_Framework.vcxproj -> C:\Users\Chicken\Desktop\繪圖程式\Assignment 2\AS2_Framework\VC14\Release\AS2_Framework.pdb (Full PDB)
